<?xml version="1.0" encoding="UTF-8"?>
<!-- Generated by org.testng.reporters.JUnitXMLReporter -->
<testsuite ignored="0" hostname="DESKTOP-IRS1F8B" failures="1" tests="1" name="Default test" time="92.893" errors="0" timestamp="2021-04-23T17:54:09 IST">
  <testcase classname="io.cucumber.testng.AbstractTestNGCucumberTests" name="runScenario" time="88.143">
    <failure type="org.openqa.selenium.UnsupportedCommandException" message="The requested resource could not be found, or a request was received using an HTTP method that is not supported by the mapped resource
Build info: version: &amp;apos;3.141.59&amp;apos;, revision: &amp;apos;e82be7d358&amp;apos;, time: &amp;apos;2018-11-14T08:17:03&amp;apos;
System info: host: &amp;apos;DESKTOP-IRS1F8B&amp;apos;, ip: &amp;apos;192.168.1.2&amp;apos;, os.name: &amp;apos;Windows 10&amp;apos;, os.arch: &amp;apos;amd64&amp;apos;, os.version: &amp;apos;10.0&amp;apos;, java.version: &amp;apos;11.0.10&amp;apos;
Driver info: io.appium.java_client.android.AndroidDriver
Capabilities {appActivity: com.mpoweredhealth.MainActi..., appPackage: com.mpoweredhealth.demo, databaseEnabled: false, desired: {appActivity: com.mpoweredhealth.MainActi..., appPackage: com.mpoweredhealth.demo, deviceName: Redmi, platformName: android, platformVersion: 7.1.2, udid: a26496239805}, deviceApiLevel: 25, deviceManufacturer: Xiaomi, deviceModel: Redmi Note 5, deviceName: a26496239805, deviceScreenDensity: 440, deviceScreenSize: 1080x2160, deviceUDID: a26496239805, javascriptEnabled: true, locationContextEnabled: false, networkConnectionEnabled: true, pixelRatio: 2.75, platform: LINUX, platformName: Android, platformVersion: 7.1.2, statBarHeight: 66, takesScreenshot: true, udid: a26496239805, viewportRect: {height: 1964, left: 0, top: 66, width: 1080}, warnings: {}, webStorageEnabled: false}
Session ID: c7aac3e7-636b-4b55-b044-e4f728990448">
      <![CDATA[org.openqa.selenium.UnsupportedCommandException: The requested resource could not be found, or a request was received using an HTTP method that is not supported by the mapped resource
Build info: version: '3.141.59', revision: 'e82be7d358', time: '2018-11-14T08:17:03'
System info: host: 'DESKTOP-IRS1F8B', ip: '192.168.1.2', os.name: 'Windows 10', os.arch: 'amd64', os.version: '10.0', java.version: '11.0.10'
Driver info: io.appium.java_client.android.AndroidDriver
Capabilities {appActivity: com.mpoweredhealth.MainActi..., appPackage: com.mpoweredhealth.demo, databaseEnabled: false, desired: {appActivity: com.mpoweredhealth.MainActi..., appPackage: com.mpoweredhealth.demo, deviceName: Redmi, platformName: android, platformVersion: 7.1.2, udid: a26496239805}, deviceApiLevel: 25, deviceManufacturer: Xiaomi, deviceModel: Redmi Note 5, deviceName: a26496239805, deviceScreenDensity: 440, deviceScreenSize: 1080x2160, deviceUDID: a26496239805, javascriptEnabled: true, locationContextEnabled: false, networkConnectionEnabled: true, pixelRatio: 2.75, platform: LINUX, platformName: Android, platformVersion: 7.1.2, statBarHeight: 66, takesScreenshot: true, udid: a26496239805, viewportRect: {height: 1964, left: 0, top: 66, width: 1080}, warnings: {}, webStorageEnabled: false}
Session ID: c7aac3e7-636b-4b55-b044-e4f728990448
at java.base/jdk.internal.reflect.NativeConstructorAccessorImpl.newInstance0(Native Method)
at java.base/jdk.internal.reflect.NativeConstructorAccessorImpl.newInstance(NativeConstructorAccessorImpl.java:62)
at java.base/jdk.internal.reflect.DelegatingConstructorAccessorImpl.newInstance(DelegatingConstructorAccessorImpl.java:45)
at java.base/java.lang.reflect.Constructor.newInstance(Constructor.java:490)
at org.openqa.selenium.remote.http.W3CHttpResponseCodec.createException(W3CHttpResponseCodec.java:187)
at org.openqa.selenium.remote.http.W3CHttpResponseCodec.decode(W3CHttpResponseCodec.java:122)
at org.openqa.selenium.remote.http.W3CHttpResponseCodec.decode(W3CHttpResponseCodec.java:49)
at org.openqa.selenium.remote.HttpCommandExecutor.execute(HttpCommandExecutor.java:158)
at io.appium.java_client.remote.AppiumCommandExecutor.execute(AppiumCommandExecutor.java:247)
at org.openqa.selenium.remote.RemoteWebDriver.execute(RemoteWebDriver.java:552)
at io.appium.java_client.DefaultGenericMobileDriver.execute(DefaultGenericMobileDriver.java:45)
at io.appium.java_client.AppiumDriver.execute(AppiumDriver.java:1)
at io.appium.java_client.android.AndroidDriver.execute(AndroidDriver.java:1)
at org.openqa.selenium.remote.RemoteWebDriver$RemoteNavigation.refresh(RemoteWebDriver.java:865)
at Reusable_functions.Generic_functions.page_refresh(Generic_functions.java:77)
at Signup_negative_scenario.Signup_negative_scenario.validation_messages_should_be_displayed(Signup_negative_scenario.java:36)
at ✽.validation messages should be displayed(file:///C:/Users/Revathy%20U/eclipse-workspace-new/Appium/src/main/java/Signup_negative_scenario/signup_negative_scenario.feature:6)
]]>
    </failure>
  </testcase> <!-- runScenario -->
</testsuite> <!-- Default test -->
