<?xml version="1.0" encoding="UTF-8"?>
<testng-results ignored="0" total="1" passed="0" failed="1" skipped="0">
  <reporter-output>
  </reporter-output>
  <suite started-at="2021-04-23T17:52:36 IST" name="Default suite" finished-at="2021-04-23T17:54:09 IST" duration-ms="92893">
    <groups>
      <group name="cucumber">
        <method signature="AbstractTestNGCucumberTests.runScenario(io.cucumber.testng.PickleWrapper, io.cucumber.testng.FeatureWrapper)[pri:0, instance:Runner_files.Signup_negative_scenario_runner@10feca44]" name="runScenario" class="io.cucumber.testng.AbstractTestNGCucumberTests"/>
      </group> <!-- cucumber -->
    </groups>
    <test started-at="2021-04-23T17:52:36 IST" name="Default test" finished-at="2021-04-23T17:54:09 IST" duration-ms="92893">
      <class name="Runner_files.Signup_negative_scenario_runner">
        <test-method is-config="true" signature="setUpClass()[pri:0, instance:Runner_files.Signup_negative_scenario_runner@10feca44]" started-at="2021-04-23T17:52:36 IST" name="setUpClass" finished-at="2021-04-23T17:52:38 IST" duration-ms="1690" status="PASS">
          <reporter-output>
          </reporter-output>
        </test-method> <!-- setUpClass -->
        <test-method signature="runScenario(io.cucumber.testng.PickleWrapper, io.cucumber.testng.FeatureWrapper)[pri:0, instance:Runner_files.Signup_negative_scenario_runner@10feca44]" started-at="2021-04-23T17:52:38 IST" name="runScenario" description="Runs Cucumber Scenarios" data-provider="scenarios" finished-at="2021-04-23T17:54:06 IST" duration-ms="88143" status="FAIL">
          <params>
            <param index="0">
              <value>
                <![CDATA["Validate that the user should get a validation message on entering invalid data in first name and last name fields"]]>
              </value>
            </param>
            <param index="1">
              <value>
                <![CDATA["Optional[Sign up button should be present on landing welcome page and on Sign up page, user should able to provide information]"]]>
              </value>
            </param>
          </params>
          <exception class="org.openqa.selenium.UnsupportedCommandException">
            <message>
              <![CDATA[The requested resource could not be found, or a request was received using an HTTP method that is not supported by the mapped resource
Build info: version: '3.141.59', revision: 'e82be7d358', time: '2018-11-14T08:17:03'
System info: host: 'DESKTOP-IRS1F8B', ip: '192.168.1.2', os.name: 'Windows 10', os.arch: 'amd64', os.version: '10.0', java.version: '11.0.10'
Driver info: io.appium.java_client.android.AndroidDriver
Capabilities {appActivity: com.mpoweredhealth.MainActi..., appPackage: com.mpoweredhealth.demo, databaseEnabled: false, desired: {appActivity: com.mpoweredhealth.MainActi..., appPackage: com.mpoweredhealth.demo, deviceName: Redmi, platformName: android, platformVersion: 7.1.2, udid: a26496239805}, deviceApiLevel: 25, deviceManufacturer: Xiaomi, deviceModel: Redmi Note 5, deviceName: a26496239805, deviceScreenDensity: 440, deviceScreenSize: 1080x2160, deviceUDID: a26496239805, javascriptEnabled: true, locationContextEnabled: false, networkConnectionEnabled: true, pixelRatio: 2.75, platform: LINUX, platformName: Android, platformVersion: 7.1.2, statBarHeight: 66, takesScreenshot: true, udid: a26496239805, viewportRect: {height: 1964, left: 0, top: 66, width: 1080}, warnings: {}, webStorageEnabled: false}
Session ID: c7aac3e7-636b-4b55-b044-e4f728990448]]>
            </message>
            <full-stacktrace>
              <![CDATA[org.openqa.selenium.UnsupportedCommandException: The requested resource could not be found, or a request was received using an HTTP method that is not supported by the mapped resource
Build info: version: '3.141.59', revision: 'e82be7d358', time: '2018-11-14T08:17:03'
System info: host: 'DESKTOP-IRS1F8B', ip: '192.168.1.2', os.name: 'Windows 10', os.arch: 'amd64', os.version: '10.0', java.version: '11.0.10'
Driver info: io.appium.java_client.android.AndroidDriver
Capabilities {appActivity: com.mpoweredhealth.MainActi..., appPackage: com.mpoweredhealth.demo, databaseEnabled: false, desired: {appActivity: com.mpoweredhealth.MainActi..., appPackage: com.mpoweredhealth.demo, deviceName: Redmi, platformName: android, platformVersion: 7.1.2, udid: a26496239805}, deviceApiLevel: 25, deviceManufacturer: Xiaomi, deviceModel: Redmi Note 5, deviceName: a26496239805, deviceScreenDensity: 440, deviceScreenSize: 1080x2160, deviceUDID: a26496239805, javascriptEnabled: true, locationContextEnabled: false, networkConnectionEnabled: true, pixelRatio: 2.75, platform: LINUX, platformName: Android, platformVersion: 7.1.2, statBarHeight: 66, takesScreenshot: true, udid: a26496239805, viewportRect: {height: 1964, left: 0, top: 66, width: 1080}, warnings: {}, webStorageEnabled: false}
Session ID: c7aac3e7-636b-4b55-b044-e4f728990448
at java.base/jdk.internal.reflect.NativeConstructorAccessorImpl.newInstance0(Native Method)
at java.base/jdk.internal.reflect.NativeConstructorAccessorImpl.newInstance(NativeConstructorAccessorImpl.java:62)
at java.base/jdk.internal.reflect.DelegatingConstructorAccessorImpl.newInstance(DelegatingConstructorAccessorImpl.java:45)
at java.base/java.lang.reflect.Constructor.newInstance(Constructor.java:490)
at org.openqa.selenium.remote.http.W3CHttpResponseCodec.createException(W3CHttpResponseCodec.java:187)
at org.openqa.selenium.remote.http.W3CHttpResponseCodec.decode(W3CHttpResponseCodec.java:122)
at org.openqa.selenium.remote.http.W3CHttpResponseCodec.decode(W3CHttpResponseCodec.java:49)
at org.openqa.selenium.remote.HttpCommandExecutor.execute(HttpCommandExecutor.java:158)
at io.appium.java_client.remote.AppiumCommandExecutor.execute(AppiumCommandExecutor.java:247)
at org.openqa.selenium.remote.RemoteWebDriver.execute(RemoteWebDriver.java:552)
at io.appium.java_client.DefaultGenericMobileDriver.execute(DefaultGenericMobileDriver.java:45)
at io.appium.java_client.AppiumDriver.execute(AppiumDriver.java:1)
at io.appium.java_client.android.AndroidDriver.execute(AndroidDriver.java:1)
at org.openqa.selenium.remote.RemoteWebDriver$RemoteNavigation.refresh(RemoteWebDriver.java:865)
at Reusable_functions.Generic_functions.page_refresh(Generic_functions.java:77)
at Signup_negative_scenario.Signup_negative_scenario.validation_messages_should_be_displayed(Signup_negative_scenario.java:36)
at ✽.validation messages should be displayed(file:///C:/Users/Revathy%20U/eclipse-workspace-new/Appium/src/main/java/Signup_negative_scenario/signup_negative_scenario.feature:6)
]]>
            </full-stacktrace>
          </exception> <!-- org.openqa.selenium.UnsupportedCommandException -->
          <reporter-output>
          </reporter-output>
        </test-method> <!-- runScenario -->
        <test-method is-config="true" signature="tearDownClass()[pri:0, instance:Runner_files.Signup_negative_scenario_runner@10feca44]" started-at="2021-04-23T17:54:06 IST" name="tearDownClass" finished-at="2021-04-23T17:54:09 IST" duration-ms="2951" status="PASS">
          <reporter-output>
          </reporter-output>
        </test-method> <!-- tearDownClass -->
      </class> <!-- Runner_files.Signup_negative_scenario_runner -->
    </test> <!-- Default test -->
  </suite> <!-- Default suite -->
</testng-results>
